<?xml version="1.0" encoding="UTF-8"?>
<testng-results ignored="0" total="1" passed="1" failed="0" skipped="0">
  <reporter-output>
  </reporter-output>
  <suite started-at="2024-12-29T17:54:02 IST" name="Default suite" finished-at="2024-12-29T17:54:35 IST" duration-ms="32797">
    <groups>
    </groups>
    <test started-at="2024-12-29T17:54:02 IST" name="Default test" finished-at="2024-12-29T17:54:35 IST" duration-ms="32797">
      <class name="Login_Test.LoginPageTest">
        <test-method is-config="true" signature="OpenBrowser()[pri:0, instance:Login_Test.LoginPageTest@36ebc363]" started-at="2024-12-29T17:54:02 IST" name="OpenBrowser" finished-at="2024-12-29T17:54:09 IST" duration-ms="6803" status="PASS">
          <reporter-output>
          </reporter-output>
        </test-method> <!-- OpenBrowser -->
        <test-method is-config="true" signature="LoginToApp()[pri:0, instance:Login_Test.LoginPageTest@36ebc363]" started-at="2024-12-29T17:54:09 IST" name="LoginToApp" finished-at="2024-12-29T17:54:14 IST" duration-ms="4742" status="PASS">
          <reporter-output>
          </reporter-output>
        </test-method> <!-- LoginToApp -->
        <test-method signature="ClickOnBtn()[pri:0, instance:Login_Test.LoginPageTest@36ebc363]" started-at="2024-12-29T17:54:14 IST" name="ClickOnBtn" finished-at="2024-12-29T17:54:32 IST" duration-ms="18051" status="PASS">
          <reporter-output>
          </reporter-output>
        </test-method> <!-- ClickOnBtn -->
        <test-method is-config="true" signature="LogOutApp()[pri:0, instance:Login_Test.LoginPageTest@36ebc363]" started-at="2024-12-29T17:54:32 IST" name="LogOutApp" finished-at="2024-12-29T17:54:35 IST" duration-ms="2459" status="PASS">
          <reporter-output>
          </reporter-output>
        </test-method> <!-- LogOutApp -->
        <test-method is-config="true" signature="CloseBrowser()[pri:0, instance:Login_Test.LoginPageTest@36ebc363]" started-at="2024-12-29T17:54:35 IST" name="CloseBrowser" finished-at="2024-12-29T17:54:35 IST" duration-ms="615" status="PASS">
          <reporter-output>
          </reporter-output>
        </test-method> <!-- CloseBrowser -->
      </class> <!-- Login_Test.LoginPageTest -->
    </test> <!-- Default test -->
  </suite> <!-- Default suite -->
</testng-results>
